<?xml version="1.0" encoding="UTF-8"?>
<testng-results skipped="0" failed="1" ignored="0" total="18" passed="17">
  <reporter-output>
  </reporter-output>
  <suite name="Suite" duration-ms="28882" started-at="2019-02-08T03:42:18Z" finished-at="2019-02-08T03:42:47Z">
    <groups>
    </groups>
    <test name="Test" duration-ms="28882" started-at="2019-02-08T03:42:18Z" finished-at="2019-02-08T03:42:47Z">
      <class name="testCases.verifyLoginErrorMessages">
        <test-method status="PASS" signature="setUP()[pri:0, instance:testCases.verifyLoginErrorMessages@6615435c]" name="setUP" is-config="true" duration-ms="12697" started-at="2019-02-08T03:42:18Z" finished-at="2019-02-08T03:42:31Z">
          <reporter-output>
          </reporter-output>
        </test-method> <!-- setUP -->
        <test-method status="PASS" signature="verifyLoginEmailMessage()[pri:0, instance:testCases.verifyLoginErrorMessages@6615435c]" name="verifyLoginEmailMessage" duration-ms="123" started-at="2019-02-08T03:42:31Z" finished-at="2019-02-08T03:42:31Z">
          <reporter-output>
          </reporter-output>
        </test-method> <!-- verifyLoginEmailMessage -->
        <test-method status="PASS" signature="verifyLoginPasswordMessage()[pri:0, instance:testCases.verifyLoginErrorMessages@6615435c]" name="verifyLoginPasswordMessage" duration-ms="126" started-at="2019-02-08T03:42:31Z" finished-at="2019-02-08T03:42:31Z">
          <reporter-output>
          </reporter-output>
        </test-method> <!-- verifyLoginPasswordMessage -->
        <test-method status="PASS" signature="tearDown()[pri:0, instance:testCases.verifyLoginErrorMessages@6615435c]" name="tearDown" is-config="true" duration-ms="3913" started-at="2019-02-08T03:42:43Z" finished-at="2019-02-08T03:42:47Z">
          <reporter-output>
          </reporter-output>
        </test-method> <!-- tearDown -->
      </class> <!-- testCases.verifyLoginErrorMessages -->
      <class name="testCases.VerifyregisterErrorMessages">
        <test-method status="PASS" signature="setUP()[pri:0, instance:testCases.VerifyregisterErrorMessages@4909b8da]" name="setUP" is-config="true" duration-ms="7350" started-at="2019-02-08T03:42:31Z" finished-at="2019-02-08T03:42:39Z">
          <reporter-output>
          </reporter-output>
        </test-method> <!-- setUP -->
        <test-method status="PASS" signature="verifyRegisterBirthdayMessage()[pri:0, instance:testCases.VerifyregisterErrorMessages@4909b8da]" name="verifyRegisterBirthdayMessage" duration-ms="168" started-at="2019-02-08T03:42:39Z" finished-at="2019-02-08T03:42:39Z">
          <reporter-output>
          </reporter-output>
        </test-method> <!-- verifyRegisterBirthdayMessage -->
        <test-method status="PASS" signature="verifyRegisterEmailMessage()[pri:0, instance:testCases.VerifyregisterErrorMessages@4909b8da]" name="verifyRegisterEmailMessage" duration-ms="139" started-at="2019-02-08T03:42:39Z" finished-at="2019-02-08T03:42:39Z">
          <reporter-output>
          </reporter-output>
        </test-method> <!-- verifyRegisterEmailMessage -->
        <test-method status="PASS" signature="verifyRegisterFirstNameMessage()[pri:0, instance:testCases.VerifyregisterErrorMessages@4909b8da]" name="verifyRegisterFirstNameMessage" duration-ms="83" started-at="2019-02-08T03:42:39Z" finished-at="2019-02-08T03:42:39Z">
          <reporter-output>
          </reporter-output>
        </test-method> <!-- verifyRegisterFirstNameMessage -->
        <test-method status="PASS" signature="verifyRegisterLastNameMessage()[pri:0, instance:testCases.VerifyregisterErrorMessages@4909b8da]" name="verifyRegisterLastNameMessage" duration-ms="97" started-at="2019-02-08T03:42:39Z" finished-at="2019-02-08T03:42:39Z">
          <reporter-output>
          </reporter-output>
        </test-method> <!-- verifyRegisterLastNameMessage -->
        <test-method status="PASS" signature="verifyRegisterPasswordMessage()[pri:0, instance:testCases.VerifyregisterErrorMessages@4909b8da]" name="verifyRegisterPasswordMessage" duration-ms="81" started-at="2019-02-08T03:42:39Z" finished-at="2019-02-08T03:42:39Z">
          <reporter-output>
          </reporter-output>
        </test-method> <!-- verifyRegisterPasswordMessage -->
        <test-method status="PASS" signature="tearDown()[pri:0, instance:testCases.VerifyregisterErrorMessages@4909b8da]" name="tearDown" is-config="true" duration-ms="4060" started-at="2019-02-08T03:42:39Z" finished-at="2019-02-08T03:42:43Z">
          <reporter-output>
          </reporter-output>
        </test-method> <!-- tearDown -->
      </class> <!-- testCases.VerifyregisterErrorMessages -->
    </test> <!-- Test -->
  </suite> <!-- Suite -->
  <suite name="Suite (1)" duration-ms="13906" started-at="2019-02-08T03:43:18Z" finished-at="2019-02-08T03:43:32Z">
    <groups>
    </groups>
    <test name="Test" duration-ms="13906" started-at="2019-02-08T03:43:18Z" finished-at="2019-02-08T03:43:32Z">
      <class name="testCases.GmailLogin">
        <test-method status="PASS" signature="loginGmailTest(java.lang.String, java.lang.String)[pri:0, instance:testCases.GmailLogin@2669b199]" name="loginGmailTest" duration-ms="13905" started-at="2019-02-08T03:43:18Z" finished-at="2019-02-08T03:43:32Z">
          <params>
            <param index="0">
              <value>
                <![CDATA[testerqa859@gmail.com]]>
              </value>
            </param>
            <param index="1">
              <value>
                <![CDATA[Tester123456]]>
              </value>
            </param>
          </params>
          <reporter-output>
          </reporter-output>
        </test-method> <!-- loginGmailTest -->
      </class> <!-- testCases.GmailLogin -->
    </test> <!-- Test -->
  </suite> <!-- Suite (1) -->
  <suite name="Suite (0)" duration-ms="30816" started-at="2019-02-08T03:42:47Z" finished-at="2019-02-08T03:43:18Z">
    <groups>
    </groups>
    <test name="Test" duration-ms="30816" started-at="2019-02-08T03:42:47Z" finished-at="2019-02-08T03:43:18Z">
      <class name="testCases.verifyLoginErrorMessages">
        <test-method status="PASS" signature="setUP()[pri:0, instance:testCases.verifyLoginErrorMessages@337d0578]" name="setUP" is-config="true" duration-ms="4847" started-at="2019-02-08T03:42:47Z" finished-at="2019-02-08T03:42:52Z">
          <reporter-output>
          </reporter-output>
        </test-method> <!-- setUP -->
        <test-method status="PASS" signature="verifyLoginEmailMessage()[pri:0, instance:testCases.verifyLoginErrorMessages@337d0578]" name="verifyLoginEmailMessage" duration-ms="82" started-at="2019-02-08T03:42:52Z" finished-at="2019-02-08T03:42:52Z">
          <reporter-output>
          </reporter-output>
        </test-method> <!-- verifyLoginEmailMessage -->
        <test-method status="PASS" signature="verifyLoginPasswordMessage()[pri:0, instance:testCases.verifyLoginErrorMessages@337d0578]" name="verifyLoginPasswordMessage" duration-ms="50" started-at="2019-02-08T03:42:52Z" finished-at="2019-02-08T03:42:52Z">
          <reporter-output>
          </reporter-output>
        </test-method> <!-- verifyLoginPasswordMessage -->
        <test-method status="PASS" signature="tearDown()[pri:0, instance:testCases.verifyLoginErrorMessages@337d0578]" name="tearDown" is-config="true" duration-ms="4074" started-at="2019-02-08T03:43:14Z" finished-at="2019-02-08T03:43:18Z">
          <reporter-output>
          </reporter-output>
        </test-method> <!-- tearDown -->
      </class> <!-- testCases.verifyLoginErrorMessages -->
      <class name="testCases.VerifyregisterErrorMessages">
        <test-method status="PASS" signature="setUP()[pri:0, instance:testCases.VerifyregisterErrorMessages@59e84876]" name="setUP" is-config="true" duration-ms="5610" started-at="2019-02-08T03:42:52Z" finished-at="2019-02-08T03:42:58Z">
          <reporter-output>
          </reporter-output>
        </test-method> <!-- setUP -->
        <test-method status="PASS" signature="verifyRegisterBirthdayMessage()[pri:0, instance:testCases.VerifyregisterErrorMessages@59e84876]" name="verifyRegisterBirthdayMessage" duration-ms="98" started-at="2019-02-08T03:42:58Z" finished-at="2019-02-08T03:42:58Z">
          <reporter-output>
          </reporter-output>
        </test-method> <!-- verifyRegisterBirthdayMessage -->
        <test-method status="PASS" signature="setUP()[pri:0, instance:testCases.VerifyregisterErrorMessages@59e84876]" name="setUP" is-config="true" duration-ms="11540" started-at="2019-02-08T03:42:58Z" finished-at="2019-02-08T03:43:09Z">
          <reporter-output>
          </reporter-output>
        </test-method> <!-- setUP -->
        <test-method status="PASS" signature="verifyRegisterEmailMessage()[pri:0, instance:testCases.VerifyregisterErrorMessages@59e84876]" name="verifyRegisterEmailMessage" duration-ms="181" started-at="2019-02-08T03:43:09Z" finished-at="2019-02-08T03:43:10Z">
          <reporter-output>
          </reporter-output>
        </test-method> <!-- verifyRegisterEmailMessage -->
        <test-method status="PASS" signature="verifyRegisterFirstNameMessage()[pri:0, instance:testCases.VerifyregisterErrorMessages@59e84876]" name="verifyRegisterFirstNameMessage" duration-ms="164" started-at="2019-02-08T03:43:10Z" finished-at="2019-02-08T03:43:10Z">
          <reporter-output>
          </reporter-output>
        </test-method> <!-- verifyRegisterFirstNameMessage -->
        <test-method status="PASS" signature="verifyRegisterLastNameMessage()[pri:0, instance:testCases.VerifyregisterErrorMessages@59e84876]" name="verifyRegisterLastNameMessage" duration-ms="106" started-at="2019-02-08T03:43:10Z" finished-at="2019-02-08T03:43:10Z">
          <reporter-output>
          </reporter-output>
        </test-method> <!-- verifyRegisterLastNameMessage -->
        <test-method status="PASS" signature="verifyRegisterPasswordMessage()[pri:0, instance:testCases.VerifyregisterErrorMessages@59e84876]" name="verifyRegisterPasswordMessage" duration-ms="133" started-at="2019-02-08T03:43:10Z" finished-at="2019-02-08T03:43:10Z">
          <reporter-output>
          </reporter-output>
        </test-method> <!-- verifyRegisterPasswordMessage -->
        <test-method status="PASS" signature="tearDown()[pri:0, instance:testCases.VerifyregisterErrorMessages@59e84876]" name="tearDown" is-config="true" duration-ms="4053" started-at="2019-02-08T03:43:10Z" finished-at="2019-02-08T03:43:14Z">
          <reporter-output>
          </reporter-output>
        </test-method> <!-- tearDown -->
      </class> <!-- testCases.VerifyregisterErrorMessages -->
    </test> <!-- Test -->
  </suite> <!-- Suite (0) -->
  <suite name="Suite (2)" duration-ms="21197" started-at="2019-02-08T03:43:32Z" finished-at="2019-02-08T03:43:53Z">
    <groups>
    </groups>
    <test name="Test" duration-ms="21197" started-at="2019-02-08T03:43:32Z" finished-at="2019-02-08T03:43:53Z">
      <class name="mento.HandleDropDown">
        <test-method status="PASS" signature="setUp()[pri:0, instance:mento.HandleDropDown@6a2bcfcb]" name="setUp" is-config="true" duration-ms="61" started-at="2019-02-08T03:43:32Z" finished-at="2019-02-08T03:43:32Z">
          <reporter-output>
          </reporter-output>
        </test-method> <!-- setUp -->
        <test-method status="PASS" signature="initi()[pri:0, instance:mento.HandleDropDown@6a2bcfcb]" name="initi" is-config="true" duration-ms="2755" started-at="2019-02-08T03:43:32Z" finished-at="2019-02-08T03:43:35Z">
          <reporter-output>
          </reporter-output>
        </test-method> <!-- initi -->
        <test-method status="PASS" signature="dropdown()[pri:1, instance:mento.HandleDropDown@6a2bcfcb]" name="dropdown" duration-ms="4164" started-at="2019-02-08T03:43:35Z" finished-at="2019-02-08T03:43:39Z">
          <reporter-output>
          </reporter-output>
        </test-method> <!-- dropdown -->
        <test-method status="PASS" signature="init(org.testng.ITestResult)[pri:0, instance:mento.HandleDropDown@6a2bcfcb]" name="init" is-config="true" duration-ms="841" started-at="2019-02-08T03:43:39Z" finished-at="2019-02-08T03:43:40Z">
          <params>
            <param index="0">
              <value>
                <![CDATA[[TestResult name=dropdown status=SUCCESS method=HandleDropDown.dropdown()[pri:1, instance:mento.HandleDropDown@6a2bcfcb] output={null}]]]>
              </value>
            </param>
          </params>
          <reporter-output>
          </reporter-output>
        </test-method> <!-- init -->
        <test-method status="PASS" signature="initi()[pri:0, instance:mento.HandleDropDown@6a2bcfcb]" name="initi" is-config="true" duration-ms="2677" started-at="2019-02-08T03:43:40Z" finished-at="2019-02-08T03:43:43Z">
          <reporter-output>
          </reporter-output>
        </test-method> <!-- initi -->
        <test-method status="PASS" signature="logout()[pri:2, instance:mento.HandleDropDown@6a2bcfcb]" name="logout" duration-ms="4705" started-at="2019-02-08T03:43:43Z" finished-at="2019-02-08T03:43:47Z">
          <reporter-output>
          </reporter-output>
        </test-method> <!-- logout -->
        <test-method status="PASS" signature="init(org.testng.ITestResult)[pri:0, instance:mento.HandleDropDown@6a2bcfcb]" name="init" is-config="true" duration-ms="698" started-at="2019-02-08T03:43:47Z" finished-at="2019-02-08T03:43:48Z">
          <params>
            <param index="0">
              <value>
                <![CDATA[[TestResult name=logout status=SUCCESS method=HandleDropDown.logout()[pri:2, instance:mento.HandleDropDown@6a2bcfcb] output={null}]]]>
              </value>
            </param>
          </params>
          <reporter-output>
          </reporter-output>
        </test-method> <!-- init -->
        <test-method status="PASS" signature="initi()[pri:0, instance:mento.HandleDropDown@6a2bcfcb]" name="initi" is-config="true" duration-ms="3080" started-at="2019-02-08T03:43:48Z" finished-at="2019-02-08T03:43:51Z">
          <reporter-output>
          </reporter-output>
        </test-method> <!-- initi -->
        <test-method status="FAIL" signature="loginfail()[pri:3, instance:mento.HandleDropDown@6a2bcfcb]" name="loginfail" duration-ms="1515" started-at="2019-02-08T03:43:51Z" finished-at="2019-02-08T03:43:53Z">
          <exception class="org.openqa.selenium.NoSuchElementException">
            <message>
              <![CDATA[no such element: Unable to locate element: {"method":"link text","selector":"SIGN-OFF"}
  (Session info: chrome=71.0.3578.98)
  (Driver info: chromedriver=2.45.615291 (ec3682e3c9061c10f26ea9e5cdcf3c53f3f74387),platform=Windows NT 10.0.17134 x86_64) (WARNING: The server did not provide any stacktrace information)
Command duration or timeout: 0 milliseconds
For documentation on this error, please visit: https://www.seleniumhq.org/exceptions/no_such_element.html
Build info: version: '3.141.59', revision: 'e82be7d358', time: '2018-11-14T08:17:03'
System info: host: 'LAPTOP-HP57CTMK', ip: '192.168.74.1', os.name: 'Windows 10', os.arch: 'amd64', os.version: '10.0', java.version: '1.8.0_192'
Driver info: org.openqa.selenium.chrome.ChromeDriver
Capabilities {acceptInsecureCerts: false, acceptSslCerts: false, applicationCacheEnabled: false, browserConnectionEnabled: false, browserName: chrome, chrome: {chromedriverVersion: 2.45.615291 (ec3682e3c9061c..., userDataDir: C:\windows\TEMP\scoped_dir2...}, cssSelectorsEnabled: true, databaseEnabled: false, goog:chromeOptions: {debuggerAddress: localhost:54520}, handlesAlerts: true, hasTouchScreen: false, javascriptEnabled: true, locationContextEnabled: true, mobileEmulationEnabled: false, nativeEvents: true, networkConnectionEnabled: false, pageLoadStrategy: normal, platform: XP, platformName: XP, proxy: Proxy(), rotatable: false, setWindowRect: true, strictFileInteractability: false, takesHeapSnapshot: true, takesScreenshot: true, timeouts: {implicit: 0, pageLoad: 300000, script: 30000}, unexpectedAlertBehaviour: ignore, unhandledPromptBehavior: ignore, version: 71.0.3578.98, webStorageEnabled: true}
Session ID: a8ba9738c44d928761e0ea93b09d5822
*** Element info: {Using=link text, value=SIGN-OFF}]]>
            </message>
            <full-stacktrace>
              <![CDATA[org.openqa.selenium.NoSuchElementException: no such element: Unable to locate element: {"method":"link text","selector":"SIGN-OFF"}
  (Session info: chrome=71.0.3578.98)
  (Driver info: chromedriver=2.45.615291 (ec3682e3c9061c10f26ea9e5cdcf3c53f3f74387),platform=Windows NT 10.0.17134 x86_64) (WARNING: The server did not provide any stacktrace information)
Command duration or timeout: 0 milliseconds
For documentation on this error, please visit: https://www.seleniumhq.org/exceptions/no_such_element.html
Build info: version: '3.141.59', revision: 'e82be7d358', time: '2018-11-14T08:17:03'
System info: host: 'LAPTOP-HP57CTMK', ip: '192.168.74.1', os.name: 'Windows 10', os.arch: 'amd64', os.version: '10.0', java.version: '1.8.0_192'
Driver info: org.openqa.selenium.chrome.ChromeDriver
Capabilities {acceptInsecureCerts: false, acceptSslCerts: false, applicationCacheEnabled: false, browserConnectionEnabled: false, browserName: chrome, chrome: {chromedriverVersion: 2.45.615291 (ec3682e3c9061c..., userDataDir: C:\windows\TEMP\scoped_dir2...}, cssSelectorsEnabled: true, databaseEnabled: false, goog:chromeOptions: {debuggerAddress: localhost:54520}, handlesAlerts: true, hasTouchScreen: false, javascriptEnabled: true, locationContextEnabled: true, mobileEmulationEnabled: false, nativeEvents: true, networkConnectionEnabled: false, pageLoadStrategy: normal, platform: XP, platformName: XP, proxy: Proxy(), rotatable: false, setWindowRect: true, strictFileInteractability: false, takesHeapSnapshot: true, takesScreenshot: true, timeouts: {implicit: 0, pageLoad: 300000, script: 30000}, unexpectedAlertBehaviour: ignore, unhandledPromptBehavior: ignore, version: 71.0.3578.98, webStorageEnabled: true}
Session ID: a8ba9738c44d928761e0ea93b09d5822
*** Element info: {Using=link text, value=SIGN-OFF}
at sun.reflect.NativeConstructorAccessorImpl.newInstance0(Native Method)
at sun.reflect.NativeConstructorAccessorImpl.newInstance(NativeConstructorAccessorImpl.java:62)
at sun.reflect.DelegatingConstructorAccessorImpl.newInstance(DelegatingConstructorAccessorImpl.java:45)
at java.lang.reflect.Constructor.newInstance(Constructor.java:423)
at org.openqa.selenium.remote.ErrorHandler.createThrowable(ErrorHandler.java:214)
at org.openqa.selenium.remote.ErrorHandler.throwIfResponseFailed(ErrorHandler.java:166)
at org.openqa.selenium.remote.http.JsonHttpResponseCodec.reconstructValue(JsonHttpResponseCodec.java:40)
at org.openqa.selenium.remote.http.AbstractHttpResponseCodec.decode(AbstractHttpResponseCodec.java:80)
at org.openqa.selenium.remote.http.AbstractHttpResponseCodec.decode(AbstractHttpResponseCodec.java:44)
at org.openqa.selenium.remote.HttpCommandExecutor.execute(HttpCommandExecutor.java:158)
at org.openqa.selenium.remote.service.DriverCommandExecutor.execute(DriverCommandExecutor.java:83)
at org.openqa.selenium.remote.RemoteWebDriver.execute(RemoteWebDriver.java:552)
at org.openqa.selenium.remote.RemoteWebDriver.findElement(RemoteWebDriver.java:323)
at org.openqa.selenium.remote.RemoteWebDriver.findElementByLinkText(RemoteWebDriver.java:380)
at org.openqa.selenium.By$ByLinkText.findElement(By.java:220)
at org.openqa.selenium.remote.RemoteWebDriver.findElement(RemoteWebDriver.java:315)
at mento.HandleDropDown.loginfail(HandleDropDown.java:89)
at sun.reflect.NativeMethodAccessorImpl.invoke0(Native Method)
at sun.reflect.NativeMethodAccessorImpl.invoke(NativeMethodAccessorImpl.java:62)
at sun.reflect.DelegatingMethodAccessorImpl.invoke(DelegatingMethodAccessorImpl.java:43)
at java.lang.reflect.Method.invoke(Method.java:498)
at org.testng.internal.MethodInvocationHelper.invokeMethod(MethodInvocationHelper.java:124)
at org.testng.internal.Invoker.invokeMethod(Invoker.java:583)
at org.testng.internal.Invoker.invokeTestMethod(Invoker.java:719)
at org.testng.internal.Invoker.invokeTestMethods(Invoker.java:989)
at org.testng.internal.TestMethodWorker.invokeTestMethods(TestMethodWorker.java:125)
at org.testng.internal.TestMethodWorker.run(TestMethodWorker.java:109)
at org.testng.TestRunner.privateRun(TestRunner.java:648)
at org.testng.TestRunner.run(TestRunner.java:505)
at org.testng.SuiteRunner.runTest(SuiteRunner.java:455)
at org.testng.SuiteRunner.runSequentially(SuiteRunner.java:450)
at org.testng.SuiteRunner.privateRun(SuiteRunner.java:415)
at org.testng.SuiteRunner.run(SuiteRunner.java:364)
at org.testng.SuiteRunnerWorker.runSuite(SuiteRunnerWorker.java:52)
at org.testng.SuiteRunnerWorker.run(SuiteRunnerWorker.java:84)
at org.testng.TestNG.runSuitesSequentially(TestNG.java:1208)
at org.testng.TestNG.runSuitesLocally(TestNG.java:1137)
at org.testng.TestNG.runSuites(TestNG.java:1049)
at org.testng.TestNG.run(TestNG.java:1017)
at org.apache.maven.surefire.testng.TestNGExecutor.run(TestNGExecutor.java:283)
at org.apache.maven.surefire.testng.TestNGXmlTestSuite.execute(TestNGXmlTestSuite.java:75)
at org.apache.maven.surefire.testng.TestNGProvider.invoke(TestNGProvider.java:120)
at org.apache.maven.surefire.booter.ForkedBooter.invokeProviderInSameClassLoader(ForkedBooter.java:384)
at org.apache.maven.surefire.booter.ForkedBooter.runSuitesInProcess(ForkedBooter.java:345)
at org.apache.maven.surefire.booter.ForkedBooter.execute(ForkedBooter.java:126)
at org.apache.maven.surefire.booter.ForkedBooter.main(ForkedBooter.java:418)
]]>
            </full-stacktrace>
          </exception> <!-- org.openqa.selenium.NoSuchElementException -->
          <reporter-output>
          </reporter-output>
        </test-method> <!-- loginfail -->
        <test-method status="PASS" signature="init(org.testng.ITestResult)[pri:0, instance:mento.HandleDropDown@6a2bcfcb]" name="init" is-config="true" duration-ms="693" started-at="2019-02-08T03:43:53Z" finished-at="2019-02-08T03:43:53Z">
          <params>
            <param index="0">
              <value>
                <![CDATA[[TestResult name=loginfail status=FAILURE method=HandleDropDown.loginfail()[pri:3, instance:mento.HandleDropDown@6a2bcfcb] output={null}]]]>
              </value>
            </param>
          </params>
          <reporter-output>
          </reporter-output>
        </test-method> <!-- init -->
      </class> <!-- mento.HandleDropDown -->
    </test> <!-- Test -->
  </suite> <!-- Suite (2) -->
</testng-results>
